Starting service update process...
Database connected.
Fetching fresh services from 5sim...
Successfully fetched data.
Formatting and processing data...
Updating database with 132672 services...
❌ An error occurred during the service update process: Service validation failed: price_toman: Cast to Number failed for value "NaN" (type number) at path "price_toman"
Database disconnected. Script finished.
Starting service update process...
Database connected.
Fetching fresh services from 5sim...
Successfully fetched data.
Formatting and processing data...
Updating database with 132675 services...
❌ An error occurred during the service update process: Service validation failed: price_toman: Cast to Number failed for value "NaN" (type number) at path "price_toman"
Database disconnected. Script finished.
Starting service update process...
Database connected.
Fetching fresh services from 5sim...
Successfully fetched data.
Formatting and processing data...
Updating database with 132676 services...
❌ An error occurred during the service update process: Service validation failed: price_toman: Cast to Number failed for value "NaN" (type number) at path "price_toman"
Database disconnected. Script finished.
Starting service update process...
Database connected.
Fetching fresh services from 5sim...
Successfully fetched data.
Formatting and processing data...
Updating database with 132676 services...
❌ An error occurred during the service update process: Service validation failed: price_toman: Cast to Number failed for value "NaN" (type number) at path "price_toman"
Database disconnected. Script finished.
Starting service update process...
Database connected.
Fetching fresh services from 5sim...
Successfully fetched data.
Formatting and processing data...
Updating database with 132676 services...
❌ An error occurred during the service update process: Service validation failed: price_toman: Cast to Number failed for value "NaN" (type number) at path "price_toman"
Database disconnected. Script finished.
Starting service update process...
Database connected.
Fetching fresh services from 5sim...
Successfully fetched data.
Formatting and processing data...
Updating database with 132676 services...
❌ An error occurred during the service update process: Service validation failed: price_toman: Cast to Number failed for value "NaN" (type number) at path "price_toman"
Database disconnected. Script finished.
Starting service update process...
Database connected.
Fetching fresh services from 5sim...
Successfully fetched data.
Formatting and processing data...
Updating database with 132676 services...
❌ An error occurred during the service update process: Service validation failed: price_toman: Cast to Number failed for value "NaN" (type number) at path "price_toman"
Database disconnected. Script finished.
Starting service update process...
Database connected.
Fetching fresh services from 5sim...
Successfully fetched data.
Formatting and processing data...
Updating database with 132676 services...
❌ An error occurred during the service update process: Service validation failed: price_toman: Cast to Number failed for value "NaN" (type number) at path "price_toman"
Database disconnected. Script finished.
Starting service update process...
Database connected.
Fetching fresh services from 5sim...
Successfully fetched data.
Formatting and processing data...
Updating database with 132676 services...
❌ An error occurred during the service update process: Service validation failed: price_toman: Cast to Number failed for value "NaN" (type number) at path "price_toman"
Database disconnected. Script finished.
Starting service update process...
Database connected.
Fetching fresh services from 5sim...
Successfully fetched data.
Formatting and processing data...
Updating database with 132676 services...
❌ An error occurred during the service update process: Service validation failed: price_toman: Cast to Number failed for value "NaN" (type number) at path "price_toman"
Database disconnected. Script finished.
Starting service update process...
Database connected.
Fetching fresh services from 5sim...
Successfully fetched data.
Formatting and processing data...
Updating database with 132678 services...
❌ An error occurred during the service update process: Service validation failed: price_toman: Cast to Number failed for value "NaN" (type number) at path "price_toman"
Database disconnected. Script finished.
Starting service update process...
Database connected.
Fetching fresh services from 5sim...
Successfully fetched data.
Formatting and processing data...
Updating database with 132679 services...
❌ An error occurred during the service update process: Service validation failed: price_toman: Cast to Number failed for value "NaN" (type number) at path "price_toman"
Database disconnected. Script finished.
Starting service update process...
Database connected.
Fetching fresh services from 5sim...
Successfully fetched data.
Formatting and processing data...
Updating database with 132679 services...
❌ An error occurred during the service update process: Service validation failed: price_toman: Cast to Number failed for value "NaN" (type number) at path "price_toman"
Database disconnected. Script finished.
Starting service update process...
Database connected.
Fetching fresh services from 5sim...
Successfully fetched data.
Formatting and processing data...
Updating database with 132684 services...
❌ An error occurred during the service update process: Service validation failed: price_toman: Cast to Number failed for value "NaN" (type number) at path "price_toman"
Database disconnected. Script finished.
Starting service update process...
Database connected.
Fetching fresh services from 5sim...
Successfully fetched data.
Formatting and processing data...
Updating database with 132684 services...
❌ An error occurred during the service update process: Service validation failed: price_toman: Cast to Number failed for value "NaN" (type number) at path "price_toman"
Database disconnected. Script finished.
Starting service update process...
Database connected.
Fetching fresh services from 5sim...
Successfully fetched data.
Formatting and processing data...
Updating database with 132684 services...
❌ An error occurred during the service update process: Service validation failed: price_toman: Cast to Number failed for value "NaN" (type number) at path "price_toman"
Database disconnected. Script finished.
Starting service update process...
Database connected.
Fetching fresh services from 5sim...
Successfully fetched data.
Formatting and processing data...
Updating database with 132682 services...
❌ An error occurred during the service update process: Service validation failed: price_toman: Cast to Number failed for value "NaN" (type number) at path "price_toman"
Database disconnected. Script finished.
Starting service update process...
Database connected.
Fetching fresh services from 5sim...
Successfully fetched data.
Formatting and processing data...
Updating database with 132682 services...
❌ An error occurred during the service update process: Service validation failed: price_toman: Cast to Number failed for value "NaN" (type number) at path "price_toman"
Database disconnected. Script finished.
Starting service update process...
Database connected.
Fetching fresh services from 5sim...
Successfully fetched data.
Formatting and processing data...
Updating database with 132679 services...
❌ An error occurred during the service update process: Service validation failed: price_toman: Cast to Number failed for value "NaN" (type number) at path "price_toman"
Database disconnected. Script finished.
Starting service update process...
Database connected.
Fetching fresh services from 5sim...
Successfully fetched data.
Formatting and processing data...
Updating database with 132679 services...
❌ An error occurred during the service update process: Service validation failed: price_toman: Cast to Number failed for value "NaN" (type number) at path "price_toman"
Database disconnected. Script finished.
Starting service update process...
Database connected.
Fetching fresh services from 5sim...
Successfully fetched data.
Formatting and processing data...
Updating database with 132679 services...
❌ An error occurred during the service update process: Service validation failed: price_toman: Cast to Number failed for value "NaN" (type number) at path "price_toman"
Database disconnected. Script finished.
Starting service update process...
Database connected.
Fetching fresh services from 5sim...
Successfully fetched data.
Formatting and processing data...
Updating database with 132679 services...
❌ An error occurred during the service update process: Service validation failed: price_toman: Cast to Number failed for value "NaN" (type number) at path "price_toman"
Database disconnected. Script finished.
Starting service update process...
Database connected.
Fetching fresh services from 5sim...
Successfully fetched data.
Formatting and processing data...
Updating database with 132679 services...
❌ An error occurred during the service update process: Service validation failed: price_toman: Cast to Number failed for value "NaN" (type number) at path "price_toman"
Database disconnected. Script finished.
Starting service update process...
Database connected.
Fetching fresh services from 5sim...
Successfully fetched data.
Formatting and processing data...
Updating database with 132679 services...
❌ An error occurred during the service update process: Service validation failed: price_toman: Cast to Number failed for value "NaN" (type number) at path "price_toman"
Database disconnected. Script finished.
Starting service update process...
Database connected.
Fetching fresh services from 5sim...
Successfully fetched data.
Formatting and processing data...
Updating database with 132679 services...
❌ An error occurred during the service update process: Service validation failed: price_toman: Cast to Number failed for value "NaN" (type number) at path "price_toman"
Database disconnected. Script finished.
Starting service update process...
Database connected.
Fetching fresh services from 5sim...
Successfully fetched data.
Formatting and processing data...
Updating database with 132679 services...
❌ An error occurred during the service update process: Service validation failed: price_toman: Cast to Number failed for value "NaN" (type number) at path "price_toman"
Database disconnected. Script finished.
Starting service update process...
Database connected.
Fetching fresh services from 5sim...
Successfully fetched data.
Formatting and processing data...
Updating database with 132679 services...
❌ An error occurred during the service update process: Service validation failed: price_toman: Cast to Number failed for value "NaN" (type number) at path "price_toman"
Database disconnected. Script finished.
Starting service update process...
Database connected.
Fetching fresh services from 5sim...
Successfully fetched data.
Formatting and processing data...
Updating database with 132679 services...
❌ An error occurred during the service update process: Service validation failed: price_toman: Cast to Number failed for value "NaN" (type number) at path "price_toman"
Database disconnected. Script finished.
Starting service update process...
Database connected.
Fetching fresh services from 5sim...
Successfully fetched data.
Formatting and processing data...
Updating database with 132679 services...
❌ An error occurred during the service update process: Service validation failed: price_toman: Cast to Number failed for value "NaN" (type number) at path "price_toman"
Database disconnected. Script finished.
Starting service update process...
Database connected.
Fetching fresh services from 5sim...
Successfully fetched data.
Formatting and processing data...
Updating database with 132679 services...
❌ An error occurred during the service update process: Service validation failed: price_toman: Cast to Number failed for value "NaN" (type number) at path "price_toman"
Database disconnected. Script finished.
Starting service update process...
Database connected.
Fetching fresh services from 5sim...
Successfully fetched data.
Formatting and processing data...
Updating database with 132669 services...
❌ An error occurred during the service update process: Service validation failed: price_toman: Cast to Number failed for value "NaN" (type number) at path "price_toman"
Database disconnected. Script finished.
Starting service update process...
Database connected.
Fetching fresh services from 5sim...
Successfully fetched data.
Formatting and processing data...
Updating database with 132669 services...
❌ An error occurred during the service update process: Service validation failed: price_toman: Cast to Number failed for value "NaN" (type number) at path "price_toman"
Database disconnected. Script finished.
Starting service update process...
Database connected.
Fetching fresh services from 5sim...
Successfully fetched data.
Formatting and processing data...
Updating database with 132669 services...
❌ An error occurred during the service update process: Service validation failed: price_toman: Cast to Number failed for value "NaN" (type number) at path "price_toman"
Database disconnected. Script finished.
Starting service update process...
Database connected.
Fetching fresh services from 5sim...
Successfully fetched data.
Formatting and processing data...
Updating database with 132669 services...
❌ An error occurred during the service update process: Service validation failed: price_toman: Cast to Number failed for value "NaN" (type number) at path "price_toman"
Database disconnected. Script finished.
Starting service update process...
Database connected.
Fetching fresh services from 5sim...
Successfully fetched data.
Formatting and processing data...
Updating database with 132669 services...
❌ An error occurred during the service update process: Service validation failed: price_toman: Cast to Number failed for value "NaN" (type number) at path "price_toman"
Database disconnected. Script finished.
Starting service update process...
Database connected.
Fetching fresh services from 5sim...
Successfully fetched data.
Formatting and processing data...
Updating database with 132669 services...
❌ An error occurred during the service update process: Service validation failed: price_toman: Cast to Number failed for value "NaN" (type number) at path "price_toman"
Database disconnected. Script finished.
Starting service update process...
Database connected.
Fetching fresh services from 5sim...
Successfully fetched data.
Formatting and processing data...
Updating database with 132669 services...
❌ An error occurred during the service update process: Service validation failed: price_toman: Cast to Number failed for value "NaN" (type number) at path "price_toman"
Database disconnected. Script finished.
Starting service update process...
Database connected.
Fetching fresh services from 5sim...
Successfully fetched data.
Formatting and processing data...
Updating database with 132669 services...
❌ An error occurred during the service update process: Service validation failed: price_toman: Cast to Number failed for value "NaN" (type number) at path "price_toman"
Database disconnected. Script finished.
Starting service update process...
Database connected.
Fetching fresh services from 5sim...
Successfully fetched data.
Formatting and processing data...
Updating database with 132669 services...
❌ An error occurred during the service update process: Service validation failed: price_toman: Cast to Number failed for value "NaN" (type number) at path "price_toman"
Database disconnected. Script finished.
Starting service update process...
Database connected.
Fetching fresh services from 5sim...
Successfully fetched data.
Formatting and processing data...
Updating database with 132669 services...
❌ An error occurred during the service update process: Service validation failed: price_toman: Cast to Number failed for value "NaN" (type number) at path "price_toman"
Database disconnected. Script finished.
Starting service update process...
Database connected.
Fetching fresh services from 5sim...
Successfully fetched data.
Formatting and processing data...
Updating database with 132669 services...
❌ An error occurred during the service update process: Service validation failed: price_toman: Cast to Number failed for value "NaN" (type number) at path "price_toman"
Database disconnected. Script finished.
Starting service update process...
Database connected.
Fetching fresh services from 5sim...
Successfully fetched data.
Formatting and processing data...
Updating database with 132669 services...
❌ An error occurred during the service update process: Service validation failed: price_toman: Cast to Number failed for value "NaN" (type number) at path "price_toman"
Database disconnected. Script finished.
Starting service update process...
Database connected.
Fetching fresh services from 5sim...
Successfully fetched data.
Formatting and processing data...
Updating database with 132669 services...
❌ An error occurred during the service update process: Service validation failed: price_toman: Cast to Number failed for value "NaN" (type number) at path "price_toman"
Database disconnected. Script finished.
Starting service update process...
Database connected.
Fetching fresh services from 5sim...
Successfully fetched data.
Formatting and processing data...
Updating database with 132669 services...
❌ An error occurred during the service update process: Service validation failed: price_toman: Cast to Number failed for value "NaN" (type number) at path "price_toman"
Database disconnected. Script finished.
Starting service update process...
Database connected.
Fetching fresh services from 5sim...
Successfully fetched data.
Formatting and processing data...
Updating database with 132669 services...
❌ An error occurred during the service update process: Service validation failed: price_toman: Cast to Number failed for value "NaN" (type number) at path "price_toman"
Database disconnected. Script finished.
Starting service update process...
Database connected.
Fetching fresh services from 5sim...
Successfully fetched data.
Formatting and processing data...
Updating database with 132669 services...
❌ An error occurred during the service update process: Service validation failed: price_toman: Cast to Number failed for value "NaN" (type number) at path "price_toman"
Database disconnected. Script finished.
Starting service update process...
Database connected.
Fetching fresh services from 5sim...
Successfully fetched data.
Formatting and processing data...
Updating database with 132669 services...
❌ An error occurred during the service update process: Service validation failed: price_toman: Cast to Number failed for value "NaN" (type number) at path "price_toman"
Database disconnected. Script finished.
Starting service update process...
Database connected.
Fetching fresh services from 5sim...
Successfully fetched data.
Formatting and processing data...
Updating database with 132669 services...
❌ An error occurred during the service update process: Service validation failed: price_toman: Cast to Number failed for value "NaN" (type number) at path "price_toman"
Database disconnected. Script finished.
Starting service update process...
Database connected.
Fetching fresh services from 5sim...
Successfully fetched data.
Formatting and processing data...
Updating database with 132669 services...
❌ An error occurred during the service update process: Service validation failed: price_toman: Cast to Number failed for value "NaN" (type number) at path "price_toman"
Database disconnected. Script finished.
Starting service update process...
Database connected.
Fetching fresh services from 5sim...
Successfully fetched data.
Formatting and processing data...
Updating database with 132669 services...
❌ An error occurred during the service update process: Service validation failed: price_toman: Cast to Number failed for value "NaN" (type number) at path "price_toman"
Database disconnected. Script finished.
Starting service update process...
Database connected.
Fetching fresh services from 5sim...
Successfully fetched data.
Formatting and processing data...
Updating database with 132669 services...
❌ An error occurred during the service update process: Service validation failed: price_toman: Cast to Number failed for value "NaN" (type number) at path "price_toman"
Database disconnected. Script finished.
Starting service update process...
Database connected.
Fetching fresh services from 5sim...
Successfully fetched data.
Formatting and processing data...
Updating database with 132669 services...
❌ An error occurred during the service update process: Service validation failed: price_toman: Cast to Number failed for value "NaN" (type number) at path "price_toman"
Database disconnected. Script finished.
Starting service update process...
Database connected.
Fetching fresh services from 5sim...
Successfully fetched data.
Formatting and processing data...
Updating database with 132669 services...
❌ An error occurred during the service update process: Service validation failed: price_toman: Cast to Number failed for value "NaN" (type number) at path "price_toman"
Database disconnected. Script finished.
Starting service update process...
Database connected.
Fetching fresh services from 5sim...
Successfully fetched data.
Formatting and processing data...
Updating database with 132669 services...
❌ An error occurred during the service update process: Service validation failed: price_toman: Cast to Number failed for value "NaN" (type number) at path "price_toman"
Database disconnected. Script finished.
Starting service update process...
Database connected.
Fetching fresh services from 5sim...
Successfully fetched data.
Formatting and processing data...
Updating database with 132669 services...
❌ An error occurred during the service update process: Service validation failed: price_toman: Cast to Number failed for value "NaN" (type number) at path "price_toman"
Database disconnected. Script finished.
Starting service update process...
Database connected.
Fetching fresh services from 5sim...
Successfully fetched data.
Formatting and processing data...
Updating database with 132669 services...
❌ An error occurred during the service update process: Service validation failed: price_toman: Cast to Number failed for value "NaN" (type number) at path "price_toman"
Database disconnected. Script finished.
Starting service update process...
Database connected.
Fetching fresh services from 5sim...
Successfully fetched data.
Formatting and processing data...
Updating database with 132669 services...
❌ An error occurred during the service update process: Service validation failed: price_toman: Cast to Number failed for value "NaN" (type number) at path "price_toman"
Database disconnected. Script finished.
Starting service update process...
Database connected.
Fetching fresh services from 5sim...
Successfully fetched data.
Formatting and processing data...
Updating database with 132669 services...
❌ An error occurred during the service update process: Service validation failed: price_toman: Cast to Number failed for value "NaN" (type number) at path "price_toman"
Database disconnected. Script finished.
Starting service update process...
Database connected.
Fetching fresh services from 5sim...
Successfully fetched data.
Formatting and processing data...
Updating database with 132669 services...
❌ An error occurred during the service update process: Service validation failed: price_toman: Cast to Number failed for value "NaN" (type number) at path "price_toman"
Database disconnected. Script finished.
Starting service update process...
Database connected.
Fetching fresh services from 5sim...
Successfully fetched data.
Formatting and processing data...
Updating database with 132669 services...
❌ An error occurred during the service update process: Service validation failed: price_toman: Cast to Number failed for value "NaN" (type number) at path "price_toman"
Database disconnected. Script finished.
Starting service update process...
Database connected.
Fetching fresh services from 5sim...
Successfully fetched data.
Formatting and processing data...
Updating database with 132669 services...
❌ An error occurred during the service update process: Service validation failed: price_toman: Cast to Number failed for value "NaN" (type number) at path "price_toman"
Database disconnected. Script finished.
Starting service update process...
Database connected.
Fetching fresh services from 5sim...
Successfully fetched data.
Formatting and processing data...
Updating database with 132669 services...
❌ An error occurred during the service update process: Service validation failed: price_toman: Cast to Number failed for value "NaN" (type number) at path "price_toman"
Database disconnected. Script finished.
Starting service update process...
Database connected.
Fetching fresh services from 5sim...
Successfully fetched data.
Formatting and processing data...
Updating database with 132669 services...
❌ An error occurred during the service update process: Service validation failed: price_toman: Cast to Number failed for value "NaN" (type number) at path "price_toman"
Database disconnected. Script finished.
Starting service update process...
Database connected.
Fetching fresh services from 5sim...
Successfully fetched data.
Formatting and processing data...
Updating database with 132669 services...
❌ An error occurred during the service update process: Service validation failed: price_toman: Cast to Number failed for value "NaN" (type number) at path "price_toman"
Database disconnected. Script finished.
Starting service update process...
Database connected.
Fetching fresh services from 5sim...
Successfully fetched data.
Formatting and processing data...
Updating database with 132669 services...
❌ An error occurred during the service update process: Service validation failed: price_toman: Cast to Number failed for value "NaN" (type number) at path "price_toman"
Database disconnected. Script finished.
Starting service update process...
Database connected.
Fetching fresh services from 5sim...
Successfully fetched data.
Formatting and processing data...
Updating database with 132669 services...
❌ An error occurred during the service update process: Service validation failed: price_toman: Cast to Number failed for value "NaN" (type number) at path "price_toman"
Database disconnected. Script finished.
Starting service update process...
Database connected.
Fetching fresh services from 5sim...
Successfully fetched data.
Formatting and processing data...
Updating database with 132669 services...
❌ An error occurred during the service update process: Service validation failed: price_toman: Cast to Number failed for value "NaN" (type number) at path "price_toman"
Database disconnected. Script finished.
Starting service update process...
Database connected.
Fetching fresh services from 5sim...
Successfully fetched data.
Formatting and processing data...
Updating database with 132669 services...
❌ An error occurred during the service update process: Service validation failed: price_toman: Cast to Number failed for value "NaN" (type number) at path "price_toman"
Database disconnected. Script finished.
Starting service update process...
Database connected.
Fetching fresh services from 5sim...
Successfully fetched data.
Formatting and processing data...
Updating database with 132669 services...
❌ An error occurred during the service update process: Service validation failed: price_toman: Cast to Number failed for value "NaN" (type number) at path "price_toman"
Database disconnected. Script finished.
Starting service update process...
Database connected.
Fetching fresh services from 5sim...
Successfully fetched data.
Formatting and processing data...
Updating database with 132669 services...
❌ An error occurred during the service update process: Service validation failed: price_toman: Cast to Number failed for value "NaN" (type number) at path "price_toman"
Database disconnected. Script finished.
Starting service update process...
Database connected.
Fetching fresh services from 5sim...
Successfully fetched data.
Formatting and processing data...
Updating database with 132669 services...
❌ An error occurred during the service update process: Service validation failed: price_toman: Cast to Number failed for value "NaN" (type number) at path "price_toman"
Database disconnected. Script finished.
Starting service update process...
Database connected.
Fetching fresh services from 5sim...
Successfully fetched data.
Formatting and processing data...
Updating database with 132669 services...
❌ An error occurred during the service update process: Service validation failed: price_toman: Cast to Number failed for value "NaN" (type number) at path "price_toman"
Database disconnected. Script finished.
Starting service update process...
Database connected.
Fetching fresh services from 5sim...
Successfully fetched data.
Formatting and processing data...
Updating database with 132669 services...
❌ An error occurred during the service update process: Service validation failed: price_toman: Cast to Number failed for value "NaN" (type number) at path "price_toman"
Database disconnected. Script finished.
Starting service update process...
Database connected.
Fetching fresh services from 5sim...
Successfully fetched data.
Formatting and processing data...
Updating database with 132669 services...
❌ An error occurred during the service update process: Service validation failed: price_toman: Cast to Number failed for value "NaN" (type number) at path "price_toman"
Database disconnected. Script finished.
Starting service update process...
Database connected.
Fetching fresh services from 5sim...
Successfully fetched data.
Formatting and processing data...
Updating database with 132669 services...
❌ An error occurred during the service update process: Service validation failed: price_toman: Cast to Number failed for value "NaN" (type number) at path "price_toman"
Database disconnected. Script finished.
Starting service update process...
Database connected.
Fetching fresh services from 5sim...
Successfully fetched data.
Formatting and processing data...
Updating database with 132669 services...
❌ An error occurred during the service update process: Service validation failed: price_toman: Cast to Number failed for value "NaN" (type number) at path "price_toman"
Database disconnected. Script finished.
Starting service update process...
Database connected.
Fetching fresh services from 5sim...
Successfully fetched data.
Formatting and processing data...
Updating database with 132669 services...
❌ An error occurred during the service update process: Service validation failed: price_toman: Cast to Number failed for value "NaN" (type number) at path "price_toman"
Database disconnected. Script finished.
Starting service update process...
Database connected.
Fetching fresh services from 5sim...
Successfully fetched data.
Formatting and processing data...
Updating database with 132669 services...
❌ An error occurred during the service update process: Service validation failed: price_toman: Cast to Number failed for value "NaN" (type number) at path "price_toman"
Database disconnected. Script finished.
Starting service update process...
Database connected.
Fetching fresh services from 5sim...
Successfully fetched data.
Formatting and processing data...
Updating database with 132662 services...
❌ An error occurred during the service update process: Service validation failed: price_toman: Cast to Number failed for value "NaN" (type number) at path "price_toman"
Database disconnected. Script finished.
Starting service update process...
Database connected.
Fetching fresh services from 5sim...
Successfully fetched data.
Formatting and processing data...
Updating database with 132662 services...
❌ An error occurred during the service update process: Service validation failed: price_toman: Cast to Number failed for value "NaN" (type number) at path "price_toman"
Database disconnected. Script finished.
Starting service update process...
Database connected.
Fetching fresh services from 5sim...
Successfully fetched data.
Formatting and processing data...
Updating database with 132662 services...
❌ An error occurred during the service update process: Service validation failed: price_toman: Cast to Number failed for value "NaN" (type number) at path "price_toman"
Database disconnected. Script finished.
Starting service update process...
Database connected.
Fetching fresh services from 5sim...
Successfully fetched data.
Formatting and processing data...
Updating database with 132662 services...
❌ An error occurred during the service update process: Service validation failed: price_toman: Cast to Number failed for value "NaN" (type number) at path "price_toman"
Database disconnected. Script finished.
Starting service update process...
Database connected.
Fetching fresh services from 5sim...
Successfully fetched data.
Formatting and processing data...
Updating database with 132662 services...
❌ An error occurred during the service update process: Service validation failed: price_toman: Cast to Number failed for value "NaN" (type number) at path "price_toman"
Database disconnected. Script finished.
Starting service update process...
Database connected.
Fetching fresh services from 5sim...
Successfully fetched data.
Formatting and processing data...
Updating database with 132662 services...
❌ An error occurred during the service update process: Service validation failed: price_toman: Cast to Number failed for value "NaN" (type number) at path "price_toman"
Database disconnected. Script finished.
Starting service update process...
Database connected.
Fetching fresh services from 5sim...
Successfully fetched data.
Formatting and processing data...
Updating database with 132662 services...
❌ An error occurred during the service update process: Service validation failed: price_toman: Cast to Number failed for value "NaN" (type number) at path "price_toman"
Database disconnected. Script finished.
Starting service update process...
Database connected.
Fetching fresh services from 5sim...
Successfully fetched data.
Formatting and processing data...
Updating database with 132662 services...
❌ An error occurred during the service update process: Service validation failed: price_toman: Cast to Number failed for value "NaN" (type number) at path "price_toman"
Database disconnected. Script finished.
Starting service update process...
Database connected.
Fetching fresh services from 5sim...
Successfully fetched data.
Formatting and processing data...
Updating database with 132662 services...
❌ An error occurred during the service update process: Service validation failed: price_toman: Cast to Number failed for value "NaN" (type number) at path "price_toman"
Database disconnected. Script finished.
Starting service update process...
Database connected.
Fetching fresh services from 5sim...
Successfully fetched data.
Formatting and processing data...
Updating database with 132662 services...
❌ An error occurred during the service update process: Service validation failed: price_toman: Cast to Number failed for value "NaN" (type number) at path "price_toman"
Database disconnected. Script finished.
Starting service update process...
Database connected.
Fetching fresh services from 5sim...
Successfully fetched data.
Formatting and processing data...
Updating database with 132662 services...
❌ An error occurred during the service update process: Service validation failed: price_toman: Cast to Number failed for value "NaN" (type number) at path "price_toman"
Database disconnected. Script finished.
Starting service update process...
Database connected.
Fetching fresh services from 5sim...
Successfully fetched data.
Formatting and processing data...
Updating database with 132662 services...
❌ An error occurred during the service update process: Service validation failed: price_toman: Cast to Number failed for value "NaN" (type number) at path "price_toman"
Database disconnected. Script finished.
Starting service update process...
Database connected.
Fetching fresh services from 5sim...
Successfully fetched data.
Formatting and processing data...
Updating database with 132662 services...
❌ An error occurred during the service update process: Service validation failed: price_toman: Cast to Number failed for value "NaN" (type number) at path "price_toman"
Database disconnected. Script finished.
Starting service update process...
Database connected.
Fetching fresh services from 5sim...
Successfully fetched data.
Formatting and processing data...
Updating database with 132662 services...
❌ An error occurred during the service update process: Service validation failed: price_toman: Cast to Number failed for value "NaN" (type number) at path "price_toman"
Database disconnected. Script finished.
Starting service update process...
Database connected.
Fetching fresh services from 5sim...
Successfully fetched data.
Formatting and processing data...
Updating database with 132683 services...
❌ An error occurred during the service update process: Service validation failed: price_toman: Cast to Number failed for value "NaN" (type number) at path "price_toman"
Database disconnected. Script finished.
Starting service update process...
Database connected.
Fetching fresh services from 5sim...
Successfully fetched data.
Formatting and processing data...
Updating database with 132683 services...
❌ An error occurred during the service update process: Service validation failed: price_toman: Cast to Number failed for value "NaN" (type number) at path "price_toman"
Database disconnected. Script finished.
Starting service update process...
Database connected.
Fetching fresh services from 5sim...
Successfully fetched data.
Formatting and processing data...
Updating database with 132683 services...
❌ An error occurred during the service update process: Service validation failed: price_toman: Cast to Number failed for value "NaN" (type number) at path "price_toman"
Database disconnected. Script finished.
Starting service update process...
Database connected.
Fetching fresh services from 5sim...
Successfully fetched data.
Formatting and processing data...
Updating database with 132683 services...
❌ An error occurred during the service update process: Service validation failed: price_toman: Cast to Number failed for value "NaN" (type number) at path "price_toman"
Database disconnected. Script finished.
Starting service update process...
Database connected.
Fetching fresh services from 5sim...
Successfully fetched data.
Formatting and processing data...
Updating database with 132683 services...
❌ An error occurred during the service update process: Service validation failed: price_toman: Cast to Number failed for value "NaN" (type number) at path "price_toman"
Database disconnected. Script finished.
Starting service update process...
Database connected.
Fetching fresh services from 5sim...
Successfully fetched data.
Formatting and processing data...
Updating database with 132683 services...
❌ An error occurred during the service update process: Service validation failed: price_toman: Cast to Number failed for value "NaN" (type number) at path "price_toman"
Database disconnected. Script finished.
Starting service update process...
Database connected.
Fetching fresh services from 5sim...
Successfully fetched data.
Formatting and processing data...
Updating database with 132683 services...
❌ An error occurred during the service update process: Service validation failed: price_toman: Cast to Number failed for value "NaN" (type number) at path "price_toman"
Database disconnected. Script finished.
Starting service update process...
Database connected.
Fetching fresh services from 5sim...
Successfully fetched data.
Formatting and processing data...
Updating database with 132683 services...
❌ An error occurred during the service update process: Service validation failed: price_toman: Cast to Number failed for value "NaN" (type number) at path "price_toman"
Database disconnected. Script finished.
Starting service update process...
Database connected.
Fetching fresh services from 5sim...
Successfully fetched data.
Formatting and processing data...
Updating database with 132683 services...
❌ An error occurred during the service update process: Service validation failed: price_toman: Cast to Number failed for value "NaN" (type number) at path "price_toman"
Database disconnected. Script finished.
Starting service update process...
Database connected.
Fetching fresh services from 5sim...
Successfully fetched data.
Formatting and processing data...
Updating database with 132683 services...
❌ An error occurred during the service update process: Service validation failed: price_toman: Cast to Number failed for value "NaN" (type number) at path "price_toman"
Database disconnected. Script finished.
Starting service update process...
Database connected.
Fetching fresh services from 5sim...
Successfully fetched data.
Formatting and processing data...
Updating database with 132683 services...
❌ An error occurred during the service update process: Service validation failed: price_toman: Cast to Number failed for value "NaN" (type number) at path "price_toman"
Database disconnected. Script finished.
Starting service update process...
Database connected.
Fetching fresh services from 5sim...
Successfully fetched data.
Formatting and processing data...
Updating database with 132683 services...
❌ An error occurred during the service update process: Service validation failed: price_toman: Cast to Number failed for value "NaN" (type number) at path "price_toman"
Database disconnected. Script finished.
Starting service update process...
Database connected.
Fetching fresh services from 5sim...
Successfully fetched data.
Formatting and processing data...
Updating database with 132685 services...
❌ An error occurred during the service update process: Service validation failed: price_toman: Cast to Number failed for value "NaN" (type number) at path "price_toman"
Database disconnected. Script finished.
Starting service update process...
Database connected.
Fetching fresh services from 5sim...
Successfully fetched data.
Formatting and processing data...
Updating database with 132709 services...
❌ An error occurred during the service update process: Service validation failed: price_toman: Cast to Number failed for value "NaN" (type number) at path "price_toman"
Database disconnected. Script finished.
Starting service update process...
Database connected.
Fetching fresh services from 5sim...
Successfully fetched data.
Formatting and processing data...
Updating database with 132726 services...
❌ An error occurred during the service update process: Service validation failed: price_toman: Cast to Number failed for value "NaN" (type number) at path "price_toman"
Database disconnected. Script finished.
Starting service update process...
Database connected.
Fetching fresh services from 5sim...
Successfully fetched data.
Formatting and processing data...
Updating database with 132726 services...
❌ An error occurred during the service update process: Service validation failed: price_toman: Cast to Number failed for value "NaN" (type number) at path "price_toman"
Database disconnected. Script finished.
Starting service update process...
Database connected.
Fetching fresh services from 5sim...
Successfully fetched data.
Formatting and processing data...
Updating database with 132733 services...
❌ An error occurred during the service update process: Service validation failed: price_toman: Cast to Number failed for value "NaN" (type number) at path "price_toman"
Database disconnected. Script finished.
Starting service update process...
Database connected.
Fetching fresh services from 5sim...
Successfully fetched data.
Formatting and processing data...
Updating database with 132733 services...
❌ An error occurred during the service update process: Service validation failed: price_toman: Cast to Number failed for value "NaN" (type number) at path "price_toman"
Database disconnected. Script finished.
Starting service update process...
Database connected.
Fetching fresh services from 5sim...
Successfully fetched data.
Formatting and processing data...
Updating database with 132733 services...
❌ An error occurred during the service update process: Service validation failed: price_toman: Cast to Number failed for value "NaN" (type number) at path "price_toman"
Database disconnected. Script finished.
Starting service update process...
Database connected.
Fetching fresh services from 5sim...
Successfully fetched data.
Formatting and processing data...
Updating database with 132733 services...
❌ An error occurred during the service update process: Service validation failed: price_toman: Cast to Number failed for value "NaN" (type number) at path "price_toman"
Database disconnected. Script finished.
Starting service update process...
Database connected.
Fetching fresh services from 5sim...
Successfully fetched data.
Formatting and processing data...
Updating database with 132733 services...
❌ An error occurred during the service update process: Service validation failed: price_toman: Cast to Number failed for value "NaN" (type number) at path "price_toman"
Database disconnected. Script finished.
Starting service update process...
Database connected.
Fetching fresh services from 5sim...
Successfully fetched data.
Formatting and processing data...
Updating database with 132736 services...
❌ An error occurred during the service update process: Service validation failed: price_toman: Cast to Number failed for value "NaN" (type number) at path "price_toman"
Database disconnected. Script finished.
